# JRE version: Java(TM) SE Runtime Environment (8.0_171-b11) (build 1.8.0_171-b11)
# Java VM: Java HotSpot(TM) 64-Bit Server VM (25.171-b11 mixed mode linux-amd64 compressed oops)
Heap:
 PSYoungGen      total 74752K, used 10295K [0x000000076cc00000, 0x0000000771f00000, 0x00000007c0000000)
  eden space 64512K, 15% used [0x000000076cc00000,0x000000076d60df40,0x0000000770b00000)
  from space 10240K, 0% used [0x0000000770b00000,0x0000000770b00000,0x0000000771500000)
  to   space 10240K, 0% used [0x0000000771500000,0x0000000771500000,0x0000000771f00000)
 ParOldGen       total 171008K, used 6664K [0x00000006c6400000, 0x00000006d0b00000, 0x000000076cc00000)
  object space 171008K, 3% used [0x00000006c6400000,0x00000006c6a823b0,0x00000006d0b00000)
 Metaspace       used 15511K, capacity 15788K, committed 16128K, reserved 1062912K
  class space    used 1843K, capacity 1944K, committed 2048K, reserved 1048576K
GC Heap History (4 events):
Event: 0.737 GC heap before
{Heap before GC invocations=1 (full 0):
 PSYoungGen      total 74752K, used 43886K [0x000000076cc00000, 0x0000000771f00000, 0x00000007c0000000)
  eden space 64512K, 68% used [0x000000076cc00000,0x000000076f6db970,0x0000000770b00000)
  from space 10240K, 0% used [0x0000000771500000,0x0000000771500000,0x0000000771f00000)
  to   space 10240K, 0% used [0x0000000770b00000,0x0000000770b00000,0x0000000771500000)
 ParOldGen       total 171008K, used 0K [0x00000006c6400000, 0x00000006d0b00000, 0x000000076cc00000)
  object space 171008K, 0% used [0x00000006c6400000,0x00000006c6400000,0x00000006d0b00000)
 Metaspace       used 14813K, capacity 15030K, committed 15232K, reserved 1062912K
  class space    used 1750K, capacity 1807K, committed 1920K, reserved 1048576K
Event: 0.743 GC heap after
Heap after GC invocations=1 (full 0):
 PSYoungGen      total 74752K, used 6863K [0x000000076cc00000, 0x0000000771f00000, 0x00000007c0000000)
  eden space 64512K, 0% used [0x000000076cc00000,0x000000076cc00000,0x0000000770b00000)
  from space 10240K, 67% used [0x0000000770b00000,0x00000007711b3de8,0x0000000771500000)
  to   space 10240K, 0% used [0x0000000771500000,0x0000000771500000,0x0000000771f00000)
 ParOldGen       total 171008K, used 80K [0x00000006c6400000, 0x00000006d0b00000, 0x000000076cc00000)
  object space 171008K, 0% used [0x00000006c6400000,0x00000006c6414010,0x00000006d0b00000)
 Metaspace       used 14813K, capacity 15030K, committed 15232K, reserved 1062912K
  class space    used 1750K, capacity 1807K, committed 1920K, reserved 1048576K
}
Event: 0.743 GC heap before
{Heap before GC invocations=2 (full 1):
 PSYoungGen      total 74752K, used 6863K [0x000000076cc00000, 0x0000000771f00000, 0x00000007c0000000)
  eden space 64512K, 0% used [0x000000076cc00000,0x000000076cc00000,0x0000000770b00000)
  from space 10240K, 67% used [0x0000000770b00000,0x00000007711b3de8,0x0000000771500000)
  to   space 10240K, 0% used [0x0000000771500000,0x0000000771500000,0x0000000771f00000)
 ParOldGen       total 171008K, used 80K [0x00000006c6400000, 0x00000006d0b00000, 0x000000076cc00000)
  object space 171008K, 0% used [0x00000006c6400000,0x00000006c6414010,0x00000006d0b00000)
 Metaspace       used 14813K, capacity 15030K, committed 15232K, reserved 1062912K
  class space    used 1750K, capacity 1807K, committed 1920K, reserved 1048576K
Event: 0.758 GC heap after
Heap after GC invocations=2 (full 1):
 PSYoungGen      total 74752K, used 0K [0x000000076cc00000, 0x0000000771f00000, 0x00000007c0000000)
  eden space 64512K, 0% used [0x000000076cc00000,0x000000076cc00000,0x0000000770b00000)
  from space 10240K, 0% used [0x0000000770b00000,0x0000000770b00000,0x0000000771500000)
  to   space 10240K, 0% used [0x0000000771500000,0x0000000771500000,0x0000000771f00000)
 ParOldGen       total 171008K, used 6664K [0x00000006c6400000, 0x00000006d0b00000, 0x000000076cc00000)
  object space 171008K, 3% used [0x00000006c6400000,0x00000006c6a823b0,0x00000006d0b00000)
 Metaspace       used 14813K, capacity 15030K, committed 15232K, reserved 1062912K
  class space    used 1750K, capacity 1807K, committed 1920K, reserved 1048576K
}

