# JRE version: Java(TM) SE Runtime Environment (8.0_171-b11) (build 1.8.0_171-b11)
# Java VM: Java HotSpot(TM) 64-Bit Server VM (25.171-b11 mixed mode linux-amd64 compressed oops)
Heap:
 PSYoungGen      total 74752K, used 10635K [0x000000076cc00000, 0x0000000771f00000, 0x00000007c0000000)
  eden space 64512K, 16% used [0x000000076cc00000,0x000000076d662c00,0x0000000770b00000)
  from space 10240K, 0% used [0x0000000770b00000,0x0000000770b00000,0x0000000771500000)
  to   space 10240K, 0% used [0x0000000771500000,0x0000000771500000,0x0000000771f00000)
 ParOldGen       total 171008K, used 6664K [0x00000006c6400000, 0x00000006d0b00000, 0x000000076cc00000)
  object space 171008K, 3% used [0x00000006c6400000,0x00000006c6a82150,0x00000006d0b00000)
 Metaspace       used 15502K, capacity 15788K, committed 16128K, reserved 1062912K
  class space    used 1843K, capacity 1944K, committed 2048K, reserved 1048576K
GC Heap History (4 events):
Event: 0.745 GC heap before
{Heap before GC invocations=1 (full 0):
 PSYoungGen      total 74752K, used 42603K [0x000000076cc00000, 0x0000000771f00000, 0x00000007c0000000)
  eden space 64512K, 66% used [0x000000076cc00000,0x000000076f59aff0,0x0000000770b00000)
  from space 10240K, 0% used [0x0000000771500000,0x0000000771500000,0x0000000771f00000)
  to   space 10240K, 0% used [0x0000000770b00000,0x0000000770b00000,0x0000000771500000)
 ParOldGen       total 171008K, used 0K [0x00000006c6400000, 0x00000006d0b00000, 0x000000076cc00000)
  object space 171008K, 0% used [0x00000006c6400000,0x00000006c6400000,0x00000006d0b00000)
 Metaspace       used 14797K, capacity 14966K, committed 15232K, reserved 1062912K
  class space    used 1750K, capacity 1807K, committed 1920K, reserved 1048576K
Event: 0.751 GC heap after
Heap after GC invocations=1 (full 0):
 PSYoungGen      total 74752K, used 6883K [0x000000076cc00000, 0x0000000771f00000, 0x00000007c0000000)
  eden space 64512K, 0% used [0x000000076cc00000,0x000000076cc00000,0x0000000770b00000)
  from space 10240K, 67% used [0x0000000770b00000,0x00000007711b8ee0,0x0000000771500000)
  to   space 10240K, 0% used [0x0000000771500000,0x0000000771500000,0x0000000771f00000)
 ParOldGen       total 171008K, used 80K [0x00000006c6400000, 0x00000006d0b00000, 0x000000076cc00000)
  object space 171008K, 0% used [0x00000006c6400000,0x00000006c6414010,0x00000006d0b00000)
 Metaspace       used 14797K, capacity 14966K, committed 15232K, reserved 1062912K
  class space    used 1750K, capacity 1807K, committed 1920K, reserved 1048576K
}
Event: 0.751 GC heap before
{Heap before GC invocations=2 (full 1):
 PSYoungGen      total 74752K, used 6883K [0x000000076cc00000, 0x0000000771f00000, 0x00000007c0000000)
  eden space 64512K, 0% used [0x000000076cc00000,0x000000076cc00000,0x0000000770b00000)
  from space 10240K, 67% used [0x0000000770b00000,0x00000007711b8ee0,0x0000000771500000)
  to   space 10240K, 0% used [0x0000000771500000,0x0000000771500000,0x0000000771f00000)
 ParOldGen       total 171008K, used 80K [0x00000006c6400000, 0x00000006d0b00000, 0x000000076cc00000)
  object space 171008K, 0% used [0x00000006c6400000,0x00000006c6414010,0x00000006d0b00000)
 Metaspace       used 14797K, capacity 14966K, committed 15232K, reserved 1062912K
  class space    used 1750K, capacity 1807K, committed 1920K, reserved 1048576K
Event: 0.767 GC heap after
Heap after GC invocations=2 (full 1):
 PSYoungGen      total 74752K, used 0K [0x000000076cc00000, 0x0000000771f00000, 0x00000007c0000000)
  eden space 64512K, 0% used [0x000000076cc00000,0x000000076cc00000,0x0000000770b00000)
  from space 10240K, 0% used [0x0000000770b00000,0x0000000770b00000,0x0000000771500000)
  to   space 10240K, 0% used [0x0000000771500000,0x0000000771500000,0x0000000771f00000)
 ParOldGen       total 171008K, used 6664K [0x00000006c6400000, 0x00000006d0b00000, 0x000000076cc00000)
  object space 171008K, 3% used [0x00000006c6400000,0x00000006c6a82150,0x00000006d0b00000)
 Metaspace       used 14797K, capacity 14966K, committed 15232K, reserved 1062912K
  class space    used 1750K, capacity 1807K, committed 1920K, reserved 1048576K
}

