# JRE version: Java(TM) SE Runtime Environment (8.0_171-b11) (build 1.8.0_171-b11)
# Java VM: Java HotSpot(TM) 64-Bit Server VM (25.171-b11 mixed mode linux-amd64 compressed oops)
Heap:
 PSYoungGen      total 74752K, used 2580K [0x000000076cc00000, 0x0000000771f00000, 0x00000007c0000000)
  eden space 64512K, 4% used [0x000000076cc00000,0x000000076ce85240,0x0000000770b00000)
  from space 10240K, 0% used [0x0000000771500000,0x0000000771500000,0x0000000771f00000)
  to   space 10240K, 0% used [0x0000000770b00000,0x0000000770b00000,0x0000000771500000)
 ParOldGen       total 171008K, used 2664K [0x00000006c6400000, 0x00000006d0b00000, 0x000000076cc00000)
  object space 171008K, 1% used [0x00000006c6400000,0x00000006c669a308,0x00000006d0b00000)
 Metaspace       used 15750K, capacity 15988K, committed 16384K, reserved 1062912K
  class space    used 1822K, capacity 1906K, committed 2048K, reserved 1048576K
GC Heap History (10 events):
Event: 241201.841 GC heap before
{Heap before GC invocations=136 (full 68):
 PSYoungGen      total 74752K, used 96K [0x000000076cc00000, 0x0000000771f00000, 0x00000007c0000000)
  eden space 64512K, 0% used [0x000000076cc00000,0x000000076cc00000,0x0000000770b00000)
  from space 10240K, 0% used [0x0000000771500000,0x0000000771518000,0x0000000771f00000)
  to   space 10240K, 0% used [0x0000000770b00000,0x0000000770b00000,0x0000000771500000)
 ParOldGen       total 171008K, used 2664K [0x00000006c6400000, 0x00000006d0b00000, 0x000000076cc00000)
  object space 171008K, 1% used [0x00000006c6400000,0x00000006c669a308,0x00000006d0b00000)
 Metaspace       used 15750K, capacity 15988K, committed 16384K, reserved 1062912K
  class space    used 1822K, capacity 1906K, committed 2048K, reserved 1048576K
Event: 241201.855 GC heap after
Heap after GC invocations=136 (full 68):
 PSYoungGen      total 74752K, used 0K [0x000000076cc00000, 0x0000000771f00000, 0x00000007c0000000)
  eden space 64512K, 0% used [0x000000076cc00000,0x000000076cc00000,0x0000000770b00000)
  from space 10240K, 0% used [0x0000000771500000,0x0000000771500000,0x0000000771f00000)
  to   space 10240K, 0% used [0x0000000770b00000,0x0000000770b00000,0x0000000771500000)
 ParOldGen       total 171008K, used 2664K [0x00000006c6400000, 0x00000006d0b00000, 0x000000076cc00000)
  object space 171008K, 1% used [0x00000006c6400000,0x00000006c669a308,0x00000006d0b00000)
 Metaspace       used 15750K, capacity 15988K, committed 16384K, reserved 1062912K
  class space    used 1822K, capacity 1906K, committed 2048K, reserved 1048576K
}
Event: 244801.855 GC heap before
{Heap before GC invocations=137 (full 68):
 PSYoungGen      total 74752K, used 2580K [0x000000076cc00000, 0x0000000771f00000, 0x00000007c0000000)
  eden space 64512K, 4% used [0x000000076cc00000,0x000000076ce85240,0x0000000770b00000)
  from space 10240K, 0% used [0x0000000771500000,0x0000000771500000,0x0000000771f00000)
  to   space 10240K, 0% used [0x0000000770b00000,0x0000000770b00000,0x0000000771500000)
 ParOldGen       total 171008K, used 2664K [0x00000006c6400000, 0x00000006d0b00000, 0x000000076cc00000)
  object space 171008K, 1% used [0x00000006c6400000,0x00000006c669a308,0x00000006d0b00000)
 Metaspace       used 15750K, capacity 15988K, committed 16384K, reserved 1062912K
  class space    used 1822K, capacity 1906K, committed 2048K, reserved 1048576K
Event: 244801.856 GC heap after
Heap after GC invocations=137 (full 68):
 PSYoungGen      total 74752K, used 96K [0x000000076cc00000, 0x0000000771f00000, 0x00000007c0000000)
  eden space 64512K, 0% used [0x000000076cc00000,0x000000076cc00000,0x0000000770b00000)
  from space 10240K, 0% used [0x0000000770b00000,0x0000000770b18000,0x0000000771500000)
  to   space 10240K, 0% used [0x0000000771500000,0x0000000771500000,0x0000000771f00000)
 ParOldGen       total 171008K, used 2664K [0x00000006c6400000, 0x00000006d0b00000, 0x000000076cc00000)
  object space 171008K, 1% used [0x00000006c6400000,0x00000006c669a308,0x00000006d0b00000)
 Metaspace       used 15750K, capacity 15988K, committed 16384K, reserved 1062912K
  class space    used 1822K, capacity 1906K, committed 2048K, reserved 1048576K
}
Event: 244801.856 GC heap before
{Heap before GC invocations=138 (full 69):
 PSYoungGen      total 74752K, used 96K [0x000000076cc00000, 0x0000000771f00000, 0x00000007c0000000)
  eden space 64512K, 0% used [0x000000076cc00000,0x000000076cc00000,0x0000000770b00000)
  from space 10240K, 0% used [0x0000000770b00000,0x0000000770b18000,0x0000000771500000)
  to   space 10240K, 0% used [0x0000000771500000,0x0000000771500000,0x0000000771f00000)
 ParOldGen       total 171008K, used 2664K [0x00000006c6400000, 0x00000006d0b00000, 0x000000076cc00000)
  object space 171008K, 1% used [0x00000006c6400000,0x00000006c669a308,0x00000006d0b00000)
 Metaspace       used 15750K, capacity 15988K, committed 16384K, reserved 1062912K
  class space    used 1822K, capacity 1906K, committed 2048K, reserved 1048576K
Event: 244801.869 GC heap after
Heap after GC invocations=138 (full 69):
 PSYoungGen      total 74752K, used 0K [0x000000076cc00000, 0x0000000771f00000, 0x00000007c0000000)
  eden space 64512K, 0% used [0x000000076cc00000,0x000000076cc00000,0x0000000770b00000)
  from space 10240K, 0% used [0x0000000770b00000,0x0000000770b00000,0x0000000771500000)
  to   space 10240K, 0% used [0x0000000771500000,0x0000000771500000,0x0000000771f00000)
 ParOldGen       total 171008K, used 2664K [0x00000006c6400000, 0x00000006d0b00000, 0x000000076cc00000)
  object space 171008K, 1% used [0x00000006c6400000,0x00000006c669a308,0x00000006d0b00000)
 Metaspace       used 15750K, capacity 15988K, committed 16384K, reserved 1062912K
  class space    used 1822K, capacity 1906K, committed 2048K, reserved 1048576K
}
Event: 248401.870 GC heap before
{Heap before GC invocations=139 (full 69):
 PSYoungGen      total 74752K, used 2580K [0x000000076cc00000, 0x0000000771f00000, 0x00000007c0000000)
  eden space 64512K, 4% used [0x000000076cc00000,0x000000076ce85240,0x0000000770b00000)
  from space 10240K, 0% used [0x0000000770b00000,0x0000000770b00000,0x0000000771500000)
  to   space 10240K, 0% used [0x0000000771500000,0x0000000771500000,0x0000000771f00000)
 ParOldGen       total 171008K, used 2664K [0x00000006c6400000, 0x00000006d0b00000, 0x000000076cc00000)
  object space 171008K, 1% used [0x00000006c6400000,0x00000006c669a308,0x00000006d0b00000)
 Metaspace       used 15750K, capacity 15988K, committed 16384K, reserved 1062912K
  class space    used 1822K, capacity 1906K, committed 2048K, reserved 1048576K
Event: 248401.872 GC heap after
Heap after GC invocations=139 (full 69):
 PSYoungGen      total 74752K, used 128K [0x000000076cc00000, 0x0000000771f00000, 0x00000007c0000000)
  eden space 64512K, 0% used [0x000000076cc00000,0x000000076cc00000,0x0000000770b00000)
  from space 10240K, 1% used [0x0000000771500000,0x0000000771520000,0x0000000771f00000)
  to   space 10240K, 0% used [0x0000000770b00000,0x0000000770b00000,0x0000000771500000)
 ParOldGen       total 171008K, used 2664K [0x00000006c6400000, 0x00000006d0b00000, 0x000000076cc00000)
  object space 171008K, 1% used [0x00000006c6400000,0x00000006c669a308,0x00000006d0b00000)
 Metaspace       used 15750K, capacity 15988K, committed 16384K, reserved 1062912K
  class space    used 1822K, capacity 1906K, committed 2048K, reserved 1048576K
}
Event: 248401.872 GC heap before
{Heap before GC invocations=140 (full 70):
 PSYoungGen      total 74752K, used 128K [0x000000076cc00000, 0x0000000771f00000, 0x00000007c0000000)
  eden space 64512K, 0% used [0x000000076cc00000,0x000000076cc00000,0x0000000770b00000)
  from space 10240K, 1% used [0x0000000771500000,0x0000000771520000,0x0000000771f00000)
  to   space 10240K, 0% used [0x0000000770b00000,0x0000000770b00000,0x0000000771500000)
 ParOldGen       total 171008K, used 2664K [0x00000006c6400000, 0x00000006d0b00000, 0x000000076cc00000)
  object space 171008K, 1% used [0x00000006c6400000,0x00000006c669a308,0x00000006d0b00000)
 Metaspace       used 15750K, capacity 15988K, committed 16384K, reserved 1062912K
  class space    used 1822K, capacity 1906K, committed 2048K, reserved 1048576K
Event: 248401.885 GC heap after
Heap after GC invocations=140 (full 70):
 PSYoungGen      total 74752K, used 0K [0x000000076cc00000, 0x0000000771f00000, 0x00000007c0000000)
  eden space 64512K, 0% used [0x000000076cc00000,0x000000076cc00000,0x0000000770b00000)
  from space 10240K, 0% used [0x0000000771500000,0x0000000771500000,0x0000000771f00000)
  to   space 10240K, 0% used [0x0000000770b00000,0x0000000770b00000,0x0000000771500000)
 ParOldGen       total 171008K, used 2664K [0x00000006c6400000, 0x00000006d0b00000, 0x000000076cc00000)
  object space 171008K, 1% used [0x00000006c6400000,0x00000006c669a308,0x00000006d0b00000)
 Metaspace       used 15750K, capacity 15988K, committed 16384K, reserved 1062912K
  class space    used 1822K, capacity 1906K, committed 2048K, reserved 1048576K
}

